======================================================================
DRINFELD CENTER Z(Fib ⊠ Ising) — v2 (with TC.jl fixes)
======================================================================
Loading TensorCategories.jl + Oscar...
  Julia threads: 1
  Loaded in 104.7s

======================================================================
STEP 1: Build Fib ⊠ Ising over K = QQ(ϕ,√2)
======================================================================
  K = QQ(ϕ,√2), degree 4
  ϕ in K: -2//3*x^3 - x^2 + 10//3*x + 7//3, check: ϕ²-ϕ-1 = 0
  √2 in K: -2//3*x^3 - x^2 + 13//3*x + 7//3, check: (√2)²-2 = 0
  Rank: 6
  Simples: ["𝟙 ⊠ 𝟙", "𝟙 ⊠ χ", "𝟙 ⊠ X", "τ ⊠ 𝟙", "τ ⊠ χ", "τ ⊠ X"]
  FPdim²(Fib ⊠ Ising) = {a2: 14.4721}
    dim(𝟙 ⊠ 𝟙) = {a1: 1.00000}
    dim(𝟙 ⊠ χ) = {a1: 1.00000}
    dim(𝟙 ⊠ X) = {a2: 1.41421}
    dim(τ ⊠ 𝟙) = {a2: 1.61803}
    dim(τ ⊠ χ) = {a2: 1.61803}
    dim(τ ⊠ X) = {a4: 2.28825}

  Pentagon check...
  Pentagon: PASS ✓

======================================================================
STEP 2: Drinfeld Center Z(Fib ⊠ Ising)
======================================================================
  Using simples_by_induction! (bypasses dim(End)==1 check)
  Computing center simples via induction...
Simples:
    Central object: 𝟙 ⊠ 𝟙 ⊕ τ ⊠ 𝟙
    Central object: 𝟙 ⊠ 𝟙 ⊕ τ ⊠ 𝟙
    Central object: 𝟙 ⊠ 𝟙
    Central object: 𝟙 ⊠ 𝟙 ⊕ 𝟙 ⊠ χ
    Central object: 𝟙 ⊠ 𝟙
    Central object: 𝟙 ⊠ 𝟙 ⊕ 𝟙 ⊠ χ ⊕ τ ⊠ 𝟙 ⊕ τ ⊠ χ
    Central object: 2⋅𝟙 ⊠ χ
    Central object: 2⋅𝟙 ⊠ χ ⊕ 2⋅τ ⊠ χ
    Central object: 4⋅𝟙 ⊠ X ⊕ 4⋅τ ⊠ X
    Central object: 4⋅𝟙 ⊠ X
    Central object: 2⋅τ ⊠ 𝟙
    Central object: 2⋅τ ⊠ 𝟙 ⊕ 2⋅τ ⊠ χ
    Central object: 2⋅τ ⊠ 𝟙
    Central object: 4⋅τ ⊠ χ
    Central object: 8⋅τ ⊠ X

  Center rank: 15 (expected: 24)
  Center computed in 142.0s
    Z_1: FPdim = {a2: 2.61803}
    Z_2: FPdim = {a2: 2.61803}
    Z_3: FPdim = {a1: 1.00000}
    Z_4: FPdim = {a1: 2.00000}
    Z_5: FPdim = {a1: 1.00000}
    Z_6: FPdim = {a2: 5.23607}
    Z_7: FPdim = {a1: 2.00000}
    Z_8: FPdim = {a2: 5.23607}
    Z_9: FPdim = {a4: 14.8098}
    Z_10: FPdim = {a2: 5.65685}
    Z_11: FPdim = {a2: 3.23607}
    Z_12: FPdim = {a2: 6.47214}
    Z_13: FPdim = {a2: 3.23607}
    Z_14: FPdim = {a2: 6.47214}
    Z_15: FPdim = {a4: 18.3060}
  FPdim²(Z) = {a2: 209.443}
  Expected FPdim²(Z) = FPdim²(C)² = {a2: 209.443}

======================================================================
STEP 3: Modular S Matrix
======================================================================
  S matrix ((15, 15)):
[                                  1                                     1     -2//3*x^3 - x^2 + 10//3*x + 10//3   -4//3*x^3 - 2*x^2 + 20//3*x + 20//3     -2//3*x^3 - x^2 + 10//3*x + 10//3                                      2    -4//3*x^3 - 2*x^2 + 20//3*x + 20//3                                      2    8//3*x^3 + 4*x^2 - 52//3*x - 28//3             4*x^3 + 8*x^2 - 24*x - 20    4//3*x^3 + 2*x^2 - 20//3*x - 14//3     8//3*x^3 + 4*x^2 - 40//3*x - 28//3    4//3*x^3 + 2*x^2 - 20//3*x - 14//3     8//3*x^3 + 4*x^2 - 40//3*x - 28//3   -8//3*x^3 - 8*x^2 + 40//3*x + 64//3]
[                                  1                                     1     -2//3*x^3 - x^2 + 10//3*x + 10//3   -4//3*x^3 - 2*x^2 + 20//3*x + 20//3     -2//3*x^3 - x^2 + 10//3*x + 10//3                                      2    -4//3*x^3 - 2*x^2 + 20//3*x + 20//3                                      2   -8//3*x^3 - 4*x^2 + 52//3*x + 28//3            -4*x^3 - 8*x^2 + 24*x + 20    4//3*x^3 + 2*x^2 - 20//3*x - 14//3     8//3*x^3 + 4*x^2 - 40//3*x - 28//3    4//3*x^3 + 2*x^2 - 20//3*x - 14//3     8//3*x^3 + 4*x^2 - 40//3*x - 28//3    8//3*x^3 + 8*x^2 - 40//3*x - 64//3]
[  -2//3*x^3 - x^2 + 10//3*x + 10//3     -2//3*x^3 - x^2 + 10//3*x + 10//3                                     1                                     2                                     1    -4//3*x^3 - 2*x^2 + 20//3*x + 20//3                                      2    -4//3*x^3 - 2*x^2 + 20//3*x + 20//3            -4*x^3 - 8*x^2 + 24*x + 20   -8//3*x^3 - 4*x^2 + 52//3*x + 28//3   -4//3*x^3 - 2*x^2 + 20//3*x + 14//3    -8//3*x^3 - 4*x^2 + 40//3*x + 28//3   -4//3*x^3 - 2*x^2 + 20//3*x + 14//3    -8//3*x^3 - 4*x^2 + 40//3*x + 28//3   -8//3*x^3 - 8*x^2 + 40//3*x + 64//3]
[-4//3*x^3 - 2*x^2 + 20//3*x + 20//3   -4//3*x^3 - 2*x^2 + 20//3*x + 20//3                                     2                                     0                                     2                                      0                                     -4     8//3*x^3 + 4*x^2 - 40//3*x - 40//3                                     0                                     0   -8//3*x^3 - 4*x^2 + 40//3*x + 28//3                                      0   -8//3*x^3 - 4*x^2 + 40//3*x + 28//3    16//3*x^3 + 8*x^2 - 80//3*x - 56//3                                     0]
[  -2//3*x^3 - x^2 + 10//3*x + 10//3     -2//3*x^3 - x^2 + 10//3*x + 10//3                                     1                                     2                                     1    -4//3*x^3 - 2*x^2 + 20//3*x + 20//3                                      2    -4//3*x^3 - 2*x^2 + 20//3*x + 20//3             4*x^3 + 8*x^2 - 24*x - 20    8//3*x^3 + 4*x^2 - 52//3*x - 28//3   -4//3*x^3 - 2*x^2 + 20//3*x + 14//3    -8//3*x^3 - 4*x^2 + 40//3*x + 28//3   -4//3*x^3 - 2*x^2 + 20//3*x + 14//3    -8//3*x^3 - 4*x^2 + 40//3*x + 28//3    8//3*x^3 + 8*x^2 - 40//3*x - 64//3]
[                                  2                                     2   -4//3*x^3 - 2*x^2 + 20//3*x + 20//3                                     0   -4//3*x^3 - 2*x^2 + 20//3*x + 20//3                                      0     8//3*x^3 + 4*x^2 - 40//3*x - 40//3                                     -4                                     0                                     0    8//3*x^3 + 4*x^2 - 40//3*x - 28//3                                      0    8//3*x^3 + 4*x^2 - 40//3*x - 28//3   -16//3*x^3 - 8*x^2 + 80//3*x + 56//3                                     0]
[-4//3*x^3 - 2*x^2 + 20//3*x + 20//3   -4//3*x^3 - 2*x^2 + 20//3*x + 20//3                                     2                                    -4                                     2     8//3*x^3 + 4*x^2 - 40//3*x - 40//3                                      4    -8//3*x^3 - 4*x^2 + 40//3*x + 40//3                                     0                                     0   -8//3*x^3 - 4*x^2 + 40//3*x + 28//3    16//3*x^3 + 8*x^2 - 80//3*x - 56//3   -8//3*x^3 - 4*x^2 + 40//3*x + 28//3   -16//3*x^3 - 8*x^2 + 80//3*x + 56//3                                     0]
[                                  2                                     2   -4//3*x^3 - 2*x^2 + 20//3*x + 20//3    8//3*x^3 + 4*x^2 - 40//3*x - 40//3   -4//3*x^3 - 2*x^2 + 20//3*x + 20//3                                     -4    -8//3*x^3 - 4*x^2 + 40//3*x + 40//3                                      4                                     0                                     0    8//3*x^3 + 4*x^2 - 40//3*x - 28//3   -16//3*x^3 - 8*x^2 + 80//3*x + 56//3    8//3*x^3 + 4*x^2 - 40//3*x - 28//3    16//3*x^3 + 8*x^2 - 80//3*x - 56//3                                     0]
[ 8//3*x^3 + 4*x^2 - 52//3*x - 28//3   -8//3*x^3 - 4*x^2 + 52//3*x + 28//3            -4*x^3 - 8*x^2 + 24*x + 20                                     0             4*x^3 + 8*x^2 - 24*x - 20                                      0                                      0                                      0                                     0                                     0   -8//3*x^3 - 8*x^2 + 40//3*x + 64//3                                      0    8//3*x^3 + 8*x^2 - 40//3*x - 64//3                                      0                                     0]
[          4*x^3 + 8*x^2 - 24*x - 20            -4*x^3 - 8*x^2 + 24*x + 20   -8//3*x^3 - 4*x^2 + 52//3*x + 28//3                                     0    8//3*x^3 + 4*x^2 - 52//3*x - 28//3                                      0                                      0                                      0                                     0                                     0    8//3*x^3 + 8*x^2 - 40//3*x - 64//3                                      0   -8//3*x^3 - 8*x^2 + 40//3*x + 64//3                                      0                                     0]
[ 4//3*x^3 + 2*x^2 - 20//3*x - 14//3    4//3*x^3 + 2*x^2 - 20//3*x - 14//3   -4//3*x^3 - 2*x^2 + 20//3*x + 14//3   -8//3*x^3 - 4*x^2 + 40//3*x + 28//3   -4//3*x^3 - 2*x^2 + 20//3*x + 14//3     8//3*x^3 + 4*x^2 - 40//3*x - 28//3    -8//3*x^3 - 4*x^2 + 40//3*x + 28//3     8//3*x^3 + 4*x^2 - 40//3*x - 28//3   -8//3*x^3 - 8*x^2 + 40//3*x + 64//3    8//3*x^3 + 8*x^2 - 40//3*x - 64//3   -4//3*x^3 - 2*x^2 + 20//3*x + 14//3    -8//3*x^3 - 4*x^2 + 40//3*x + 28//3   -4//3*x^3 - 2*x^2 + 20//3*x + 14//3    -8//3*x^3 - 4*x^2 + 40//3*x + 28//3    8//3*x^3 + 8*x^2 - 40//3*x - 64//3]
[ 8//3*x^3 + 4*x^2 - 40//3*x - 28//3    8//3*x^3 + 4*x^2 - 40//3*x - 28//3   -8//3*x^3 - 4*x^2 + 40//3*x + 28//3                                     0   -8//3*x^3 - 4*x^2 + 40//3*x + 28//3                                      0    16//3*x^3 + 8*x^2 - 80//3*x - 56//3   -16//3*x^3 - 8*x^2 + 80//3*x + 56//3                                     0                                     0   -8//3*x^3 - 4*x^2 + 40//3*x + 28//3                                      0   -8//3*x^3 - 4*x^2 + 40//3*x + 28//3    16//3*x^3 + 8*x^2 - 80//3*x - 56//3                                     0]
[ 4//3*x^3 + 2*x^2 - 20//3*x - 14//3    4//3*x^3 + 2*x^2 - 20//3*x - 14//3   -4//3*x^3 - 2*x^2 + 20//3*x + 14//3   -8//3*x^3 - 4*x^2 + 40//3*x + 28//3   -4//3*x^3 - 2*x^2 + 20//3*x + 14//3     8//3*x^3 + 4*x^2 - 40//3*x - 28//3    -8//3*x^3 - 4*x^2 + 40//3*x + 28//3     8//3*x^3 + 4*x^2 - 40//3*x - 28//3    8//3*x^3 + 8*x^2 - 40//3*x - 64//3   -8//3*x^3 - 8*x^2 + 40//3*x + 64//3   -4//3*x^3 - 2*x^2 + 20//3*x + 14//3    -8//3*x^3 - 4*x^2 + 40//3*x + 28//3   -4//3*x^3 - 2*x^2 + 20//3*x + 14//3    -8//3*x^3 - 4*x^2 + 40//3*x + 28//3   -8//3*x^3 - 8*x^2 + 40//3*x + 64//3]
[ 8//3*x^3 + 4*x^2 - 40//3*x - 28//3    8//3*x^3 + 4*x^2 - 40//3*x - 28//3   -8//3*x^3 - 4*x^2 + 40//3*x + 28//3   16//3*x^3 + 8*x^2 - 80//3*x - 56//3   -8//3*x^3 - 4*x^2 + 40//3*x + 28//3   -16//3*x^3 - 8*x^2 + 80//3*x + 56//3   -16//3*x^3 - 8*x^2 + 80//3*x + 56//3    16//3*x^3 + 8*x^2 - 80//3*x - 56//3                                     0                                     0   -8//3*x^3 - 4*x^2 + 40//3*x + 28//3    16//3*x^3 + 8*x^2 - 80//3*x - 56//3   -8//3*x^3 - 4*x^2 + 40//3*x + 28//3   -16//3*x^3 - 8*x^2 + 80//3*x + 56//3                                     0]
[-8//3*x^3 - 8*x^2 + 40//3*x + 64//3    8//3*x^3 + 8*x^2 - 40//3*x - 64//3   -8//3*x^3 - 8*x^2 + 40//3*x + 64//3                                     0    8//3*x^3 + 8*x^2 - 40//3*x - 64//3                                      0                                      0                                      0                                     0                                     0    8//3*x^3 + 8*x^2 - 40//3*x - 64//3                                      0   -8//3*x^3 - 8*x^2 + 40//3*x + 64//3                                      0                                     0]

  Computed in 1084.6s

  Checking S²...
  S² computed, checking structure...
    S²[1,:] = AbsSimpleNumFieldElem[-196*x^3 - 294*x^2 + 980*x + 980, 308//3*x^3 + 154*x^2 - 1540//3*x - 1540//3, -88//3*x^3 - 44*x^2 + 440//3*x + 440//3, -16//3*x^3 - 8*x^2 + 80//3*x + 80//3, 56*x^3 + 84*x^2 - 280*x - 280, 56//3*x^3 + 28*x^2 - 280//3*x - 280//3, 16//3*x^3 + 8*x^2 - 80//3*x - 80//3, -56//3*x^3 - 28*x^2 + 280//3*x + 280//3, 0, 0, 56*x^3 + 84*x^2 - 280*x - 280, -16//3*x^3 - 8*x^2 + 80//3*x + 80//3, -88//3*x^3 - 44*x^2 + 440//3*x + 440//3, 16//3*x^3 + 8*x^2 - 80//3*x - 80//3, 0]
    S²[2,:] = AbsSimpleNumFieldElem[308//3*x^3 + 154*x^2 - 1540//3*x - 1540//3, -196*x^3 - 294*x^2 + 980*x + 980, 56*x^3 + 84*x^2 - 280*x - 280, -16//3*x^3 - 8*x^2 + 80//3*x + 80//3, -88//3*x^3 - 44*x^2 + 440//3*x + 440//3, 56//3*x^3 + 28*x^2 - 280//3*x - 280//3, 16//3*x^3 + 8*x^2 - 80//3*x - 80//3, -56//3*x^3 - 28*x^2 + 280//3*x + 280//3, 0, 0, -88//3*x^3 - 44*x^2 + 440//3*x + 440//3, -16//3*x^3 - 8*x^2 + 80//3*x + 80//3, 56*x^3 + 84*x^2 - 280*x - 280, 16//3*x^3 + 8*x^2 - 80//3*x - 80//3, 0]
    S²[3,:] = AbsSimpleNumFieldElem[-88//3*x^3 - 44*x^2 + 440//3*x + 440//3, 56*x^3 + 84*x^2 - 280*x - 280, -196*x^3 - 294*x^2 + 980*x + 980, 56//3*x^3 + 28*x^2 - 280//3*x - 280//3, 308//3*x^3 + 154*x^2 - 1540//3*x - 1540//3, -16//3*x^3 - 8*x^2 + 80//3*x + 80//3, -56//3*x^3 - 28*x^2 + 280//3*x + 280//3, 16//3*x^3 + 8*x^2 - 80//3*x - 80//3, 0, 0, 88//3*x^3 + 44*x^2 - 440//3*x - 440//3, 16//3*x^3 + 8*x^2 - 80//3*x - 80//3, -56*x^3 - 84*x^2 + 280*x + 280, -16//3*x^3 - 8*x^2 + 80//3*x + 80//3, 0]
    S²[4,:] = AbsSimpleNumFieldElem[-16//3*x^3 - 8*x^2 + 80//3*x + 80//3, -16//3*x^3 - 8*x^2 + 80//3*x + 80//3, 56//3*x^3 + 28*x^2 - 280//3*x - 280//3, -112*x^3 - 168*x^2 + 560*x + 560, 56//3*x^3 + 28*x^2 - 280//3*x - 280//3, 32*x^3 + 48*x^2 - 160*x - 160, 112//3*x^3 + 56*x^2 - 560//3*x - 560//3, -32//3*x^3 - 16*x^2 + 160//3*x + 160//3, 0, 0, 16//3*x^3 + 8*x^2 - 80//3*x - 80//3, -32*x^3 - 48*x^2 + 160*x + 160, 16//3*x^3 + 8*x^2 - 80//3*x - 80//3, 32//3*x^3 + 16*x^2 - 160//3*x - 160//3, 0]
    S²[5,:] = AbsSimpleNumFieldElem[56*x^3 + 84*x^2 - 280*x - 280, -88//3*x^3 - 44*x^2 + 440//3*x + 440//3, 308//3*x^3 + 154*x^2 - 1540//3*x - 1540//3, 56//3*x^3 + 28*x^2 - 280//3*x - 280//3, -196*x^3 - 294*x^2 + 980*x + 980, -16//3*x^3 - 8*x^2 + 80//3*x + 80//3, -56//3*x^3 - 28*x^2 + 280//3*x + 280//3, 16//3*x^3 + 8*x^2 - 80//3*x - 80//3, 0, 0, -56*x^3 - 84*x^2 + 280*x + 280, 16//3*x^3 + 8*x^2 - 80//3*x - 80//3, 88//3*x^3 + 44*x^2 - 440//3*x - 440//3, -16//3*x^3 - 8*x^2 + 80//3*x + 80//3, 0]

======================================================================
STEP 4: T Matrix (conformal spins)
======================================================================
